Exception at PC 0x00007FF97D3DA839
Unable to capture context for thread 12340 in process 504, can not generate back trace
Unable to capture context for thread 17532 in process 504, can not generate back trace
Unable to capture context for thread 12756 in process 504, can not generate back trace
Unable to capture context for thread 12756 in process 504, can not generate back trace
Exception at PC 0x00007FF97D3DA839
Exception at PC 0x00007FF8E96DBB93
Printing stacktrace...

Exception at PC 0x00007FF97D3DA839
Exception at PC 0x00007FF97D3DA839
Exception at PC 0x00007FF97D3DA839
Exception at PC 0x00007FF97D3DA839
Exception at PC 0x00007FF97D3DA839
Exception at PC 0x00007FF97D3DA839
Exception at PC 0x00007FF97D3DA839
Exception at PC 0x00007FF97D3DA839
[0]  [0x00007FF8E96DBB93]
[1]  [0x00007FF8E96DBB93]
[2]  [0x00007FF8E96DB4A1]
[3]  [0x00007FF8E96DB3EF]
[4]  [0x00007FF8E96C19FE]
[5]  [0x00007FF8E96C0ED1]
[6]  [0x00007FF8E96C0D76]
[7]  [0x00007FF8E96679F6]
[8]  [0x00007FF8E9657AFB]
[9]  [0x00007FF8E977E90A]
[10]  [0x00007FF8E9799F87]
[11]  [0x00007FF8E979A05F]
[12] (BaseThreadInitThunk+0x14) [0x00007FF97FBE7BD4]
[13] (RtlUserThreadStart+0x21) [0x00007FF98024CED1]
Done
Exception at PC 0x00007FF97D3DA839
Exception at PC 0x00007FF97D3DA839
Exception at PC 0x00007FF97D3DA839
Exception at PC 0x00007FF97D3DA839
Exception at PC 0x00007FF97D3DA839
Exception at PC 0x00007FF97D3DA839
Exception at PC 0x00007FF97D3DA839
Exception at PC 0x00007FF97D3DA839
Exception at PC 0x00007FF97D3DA839
Exception at PC 0x00007FF97D3DA839
